Using pre-set license
Built from '2020.3/staging' branch; Version is '2020.3.0f1 (c7b5465681fb) revision 13088070'; Using compiler version '192528614'; Build Type 'Release'
OS: 'Windows 10 Home; OS build 19042.1288; Version 2009; 64bit' Language: 'en' Physical Memory: 7867 MB
BatchMode: 1, IsHumanControllingUs: 0, StartBugReporterOnCrash: 0, Is64bit: 1, IsPro: 0

 COMMAND LINE ARGUMENTS:
C:\Program Files\Unity\Hub\Editor\2020.3.0f1\Editor\Unity.exe
-adb2
-batchMode
-noUpm
-name
AssetImportWorker1
-projectPath
C:/Users/james/OneDrive/Documents/2D-BeginnerProject/2D Beginner Project
-logFile
Logs/AssetImportWorker1.log
-srvPort
58248
Successfully changed project path to: C:/Users/james/OneDrive/Documents/2D-BeginnerProject/2D Beginner Project
C:/Users/james/OneDrive/Documents/2D-BeginnerProject/2D Beginner Project
Using Asset Import Pipeline V2.
Refreshing native plugins compatible for Editor in 26.71 ms, found 1 plugins.
Preloading 0 native plugins for Editor in 0.00 ms.
Initialize engine version: 2020.3.0f1 (c7b5465681fb)
[Subsystems] Discovering subsystems at path C:/Program Files/Unity/Hub/Editor/2020.3.0f1/Editor/Data/Resources/UnitySubsystems
[Subsystems] Discovering subsystems at path C:/Users/james/OneDrive/Documents/2D-BeginnerProject/2D Beginner Project/Assets
GfxDevice: creating device client; threaded=0
Direct3D:
    Version:  Direct3D 11.0 [level 11.1]
    Renderer: NVIDIA GeForce GTX 1650 SUPER (ID=0x2187)
    Vendor:   
    VRAM:     3955 MB
    Driver:   27.21.14.6137
Initialize mono
Mono path[0] = 'C:/Program Files/Unity/Hub/Editor/2020.3.0f1/Editor/Data/Managed'
Mono path[1] = 'C:/Program Files/Unity/Hub/Editor/2020.3.0f1/Editor/Data/MonoBleedingEdge/lib/mono/unityjit'
Mono config path = 'C:/Program Files/Unity/Hub/Editor/2020.3.0f1/Editor/Data/MonoBleedingEdge/etc'
Using monoOptions --debugger-agent=transport=dt_socket,embedding=1,server=y,suspend=n,address=127.0.0.1:56028
Begin MonoManager ReloadAssembly
Registering precompiled unity dll's ...
Register platform support module: C:/Program Files/Unity/Hub/Editor/2020.3.0f1/Editor/Data/PlaybackEngines/WindowsStandaloneSupport/UnityEditor.WindowsStandalone.Extensions.dll
Registered in 0.001274 seconds.
Native extension for WindowsStandalone target not found
Refreshing native plugins compatible for Editor in 26.29 ms, found 1 plugins.
Preloading 0 native plugins for Editor in 0.00 ms.
Invoked RoslynAnalysisRunner static constructor.
RoslynAnalysisRunner will not be running.
RoslynAnalysisRunner has terminated.
Mono: successfully reloaded assembly
- Completed reload, in  0.703 seconds
Platform modules already initialized, skipping
Registering precompiled user dll's ...
Registered in 0.000744 seconds.
Begin MonoManager ReloadAssembly
Native extension for WindowsStandalone target not found
Refreshing native plugins compatible for Editor in 28.22 ms, found 1 plugins.
Preloading 0 native plugins for Editor in 0.00 ms.
Invoked RoslynAnalysisRunner static constructor.
RoslynAnalysisRunner will not be running.
RoslynAnalysisRunner has terminated.
Mono: successfully reloaded assembly
- Completed reload, in  1.341 seconds
Platform modules already initialized, skipping
========================================================================
Worker process is ready to serve import requests
Launched and connected shader compiler UnityShaderCompiler.exe after 0.28 seconds
Refreshing native plugins compatible for Editor in 0.35 ms, found 1 plugins.
Preloading 0 native plugins for Editor in 0.00 ms.
Unloading 1812 Unused Serialized files (Serialized files now loaded: 0)
System memory in use before: 84.8 MB.
System memory in use after: 84.8 MB.

Unloading 24 unused Assets to reduce memory usage. Loaded Objects now: 2255.
Total: 2.081800 ms (FindLiveObjects: 0.220100 ms CreateObjectMapping: 0.083500 ms MarkObjects: 1.650400 ms  DeleteObjects: 0.126100 ms)

========================================================================
Received Import Request.
  path: Assets/Art/Sprites/VFX/CogBullet.png
  artifactKey: Guid(c3bae526786f11046bdd2a781392a458) Importer(815301076,1909f56bfc062723c751e8b465ee728b)
Start importing Assets/Art/Sprites/VFX/CogBullet.png using Guid(c3bae526786f11046bdd2a781392a458) Importer(815301076,1909f56bfc062723c751e8b465ee728b)  -> (artifact id: '7015ef5ab691812f2b80a5c291c1032e') in 0.472262 seconds
  Import took 0.476722 seconds .

========================================================================
Received Import Request.
  Time since last request: 369.550746 seconds.
  path: Assets/Scripts/Projectile.cs
  artifactKey: Guid(639a4debfbef7344eb2eb6cffbf99e2e) Importer(815301076,1909f56bfc062723c751e8b465ee728b)
Start importing Assets/Scripts/Projectile.cs using Guid(639a4debfbef7344eb2eb6cffbf99e2e) Importer(815301076,1909f56bfc062723c751e8b465ee728b)  -> (artifact id: '58c8b4294fe6fe3ac22dae5ef5b7ebaf') in 0.437239 seconds
  Import took 0.442360 seconds .

========================================================================
Received Prepare
Registering precompiled user dll's ...
Registered in 0.000747 seconds.
Begin MonoManager ReloadAssembly
Native extension for WindowsStandalone target not found
Refreshing native plugins compatible for Editor in 0.30 ms, found 1 plugins.
Preloading 0 native plugins for Editor in 0.00 ms.
Invoked RoslynAnalysisRunner static constructor.
RoslynAnalysisRunner will not be running.
RoslynAnalysisRunner has terminated.
Mono: successfully reloaded assembly
- Completed reload, in  0.617 seconds
Platform modules already initialized, skipping
Refreshing native plugins compatible for Editor in 0.29 ms, found 1 plugins.
Preloading 0 native plugins for Editor in 0.00 ms.
Unloading 1808 Unused Serialized files (Serialized files now loaded: 0)
System memory in use before: 87.9 MB.
System memory in use after: 87.9 MB.

Unloading 12 unused Assets to reduce memory usage. Loaded Objects now: 2266.
Total: 1.877700 ms (FindLiveObjects: 0.224100 ms CreateObjectMapping: 0.084500 ms MarkObjects: 1.449600 ms  DeleteObjects: 0.118300 ms)

========================================================================
Received Prepare
Registering precompiled user dll's ...
Registered in 0.000852 seconds.
Begin MonoManager ReloadAssembly
Native extension for WindowsStandalone target not found
Refreshing native plugins compatible for Editor in 0.31 ms, found 1 plugins.
Preloading 0 native plugins for Editor in 0.00 ms.
Invoked RoslynAnalysisRunner static constructor.
RoslynAnalysisRunner will not be running.
RoslynAnalysisRunner has terminated.
Mono: successfully reloaded assembly
- Completed reload, in  0.580 seconds
Platform modules already initialized, skipping
Refreshing native plugins compatible for Editor in 0.30 ms, found 1 plugins.
Preloading 0 native plugins for Editor in 0.00 ms.
Unloading 1808 Unused Serialized files (Serialized files now loaded: 0)
System memory in use before: 87.9 MB.
System memory in use after: 87.9 MB.

Unloading 12 unused Assets to reduce memory usage. Loaded Objects now: 2270.
Total: 1.746600 ms (FindLiveObjects: 0.220300 ms CreateObjectMapping: 0.054600 ms MarkObjects: 1.341500 ms  DeleteObjects: 0.129400 ms)

========================================================================
Received Import Request.
  Time since last request: 553.261140 seconds.
  path: Assets/Prefabs/CogBullet.prefab
  artifactKey: Guid(8a87292e37b4ba7479b83db390ee4ad6) Importer(815301076,1909f56bfc062723c751e8b465ee728b)
Start importing Assets/Prefabs/CogBullet.prefab using Guid(8a87292e37b4ba7479b83db390ee4ad6) Importer(815301076,1909f56bfc062723c751e8b465ee728b)  -> (artifact id: 'd58fee9699c941f1bcc156c9809500d3') in 0.227266 seconds
  Import took 0.231564 seconds .

========================================================================
Received Prepare
Registering precompiled user dll's ...
Registered in 0.001085 seconds.
Begin MonoManager ReloadAssembly
Native extension for WindowsStandalone target not found
Refreshing native plugins compatible for Editor in 0.28 ms, found 1 plugins.
Preloading 0 native plugins for Editor in 0.00 ms.
Invoked RoslynAnalysisRunner static constructor.
RoslynAnalysisRunner will not be running.
RoslynAnalysisRunner has terminated.
Mono: successfully reloaded assembly
- Completed reload, in  0.577 seconds
Platform modules already initialized, skipping
Refreshing native plugins compatible for Editor in 0.30 ms, found 1 plugins.
Preloading 0 native plugins for Editor in 0.00 ms.
Unloading 1808 Unused Serialized files (Serialized files now loaded: 0)
System memory in use before: 88.0 MB.
System memory in use after: 88.0 MB.

Unloading 12 unused Assets to reduce memory usage. Loaded Objects now: 2279.
Total: 1.694400 ms (FindLiveObjects: 0.182300 ms CreateObjectMapping: 0.047700 ms MarkObjects: 1.267100 ms  DeleteObjects: 0.196000 ms)

========================================================================
Received Import Request.
  Time since last request: 1112.717985 seconds.
  path: Assets/Scripts/RubyController.cs
  artifactKey: Guid(32f6cbcefe583224eaceba2edd7637f9) Importer(815301076,1909f56bfc062723c751e8b465ee728b)
Start importing Assets/Scripts/RubyController.cs using Guid(32f6cbcefe583224eaceba2edd7637f9) Importer(815301076,1909f56bfc062723c751e8b465ee728b)  -> (artifact id: '44a0fa139c04cf802a68e131b5d529d1') in 0.039355 seconds
  Import took 0.043944 seconds .

========================================================================
Received Import Request.
  Time since last request: 3.037674 seconds.
  path: Assets/Prefabs/Ruby.prefab
  artifactKey: Guid(5f1180165aea2f34685b4b3707717f1d) Importer(815301076,1909f56bfc062723c751e8b465ee728b)
Start importing Assets/Prefabs/Ruby.prefab using Guid(5f1180165aea2f34685b4b3707717f1d) Importer(815301076,1909f56bfc062723c751e8b465ee728b)  -> (artifact id: '6b4bc375bb23ac18e04190be71ebb4b0') in 0.238371 seconds
  Import took 0.242758 seconds .

========================================================================
Received Prepare
Registering precompiled user dll's ...
Registered in 0.000836 seconds.
Begin MonoManager ReloadAssembly
Native extension for WindowsStandalone target not found
Refreshing native plugins compatible for Editor in 0.29 ms, found 1 plugins.
Preloading 0 native plugins for Editor in 0.00 ms.
Invoked RoslynAnalysisRunner static constructor.
RoslynAnalysisRunner will not be running.
RoslynAnalysisRunner has terminated.
Mono: successfully reloaded assembly
- Completed reload, in  0.576 seconds
Platform modules already initialized, skipping
Refreshing native plugins compatible for Editor in 0.29 ms, found 1 plugins.
Preloading 0 native plugins for Editor in 0.00 ms.
Unloading 1808 Unused Serialized files (Serialized files now loaded: 0)
System memory in use before: 88.0 MB.
System memory in use after: 88.0 MB.

Unloading 12 unused Assets to reduce memory usage. Loaded Objects now: 2284.
Total: 1.720500 ms (FindLiveObjects: 0.150900 ms CreateObjectMapping: 0.044300 ms MarkObjects: 1.407400 ms  DeleteObjects: 0.115400 ms)

========================================================================
Received Prepare
Registering precompiled user dll's ...
Registered in 0.000824 seconds.
Begin MonoManager ReloadAssembly
Native extension for WindowsStandalone target not found
Refreshing native plugins compatible for Editor in 0.28 ms, found 1 plugins.
Preloading 0 native plugins for Editor in 0.00 ms.
Invoked RoslynAnalysisRunner static constructor.
RoslynAnalysisRunner will not be running.
RoslynAnalysisRunner has terminated.
Mono: successfully reloaded assembly
- Completed reload, in  0.577 seconds
Platform modules already initialized, skipping
Refreshing native plugins compatible for Editor in 0.43 ms, found 1 plugins.
Preloading 0 native plugins for Editor in 0.00 ms.
Unloading 1808 Unused Serialized files (Serialized files now loaded: 0)
System memory in use before: 88.0 MB.
System memory in use after: 88.0 MB.

Unloading 12 unused Assets to reduce memory usage. Loaded Objects now: 2288.
Total: 2.087500 ms (FindLiveObjects: 0.173900 ms CreateObjectMapping: 0.049500 ms MarkObjects: 1.766300 ms  DeleteObjects: 0.096800 ms)

========================================================================
Received Prepare
Registering precompiled user dll's ...
Registered in 0.000750 seconds.
Begin MonoManager ReloadAssembly
Native extension for WindowsStandalone target not found
Refreshing native plugins compatible for Editor in 0.29 ms, found 1 plugins.
Preloading 0 native plugins for Editor in 0.00 ms.
Invoked RoslynAnalysisRunner static constructor.
RoslynAnalysisRunner will not be running.
RoslynAnalysisRunner has terminated.
Mono: successfully reloaded assembly
- Completed reload, in  0.622 seconds
Platform modules already initialized, skipping
Refreshing native plugins compatible for Editor in 0.48 ms, found 1 plugins.
Preloading 0 native plugins for Editor in 0.00 ms.
Unloading 1808 Unused Serialized files (Serialized files now loaded: 0)
System memory in use before: 88.0 MB.
System memory in use after: 88.0 MB.

Unloading 12 unused Assets to reduce memory usage. Loaded Objects now: 2292.
Total: 2.412200 ms (FindLiveObjects: 0.227700 ms CreateObjectMapping: 0.090000 ms MarkObjects: 1.961700 ms  DeleteObjects: 0.131000 ms)

========================================================================
Received Import Request.
  Time since last request: 6075.631084 seconds.
  path: ProjectSettings/TagManager.asset
  artifactKey: Guid(00000000000000003000000000000000) Importer(815301076,1909f56bfc062723c751e8b465ee728b)
Start importing ProjectSettings/TagManager.asset using Guid(00000000000000003000000000000000) Importer(815301076,1909f56bfc062723c751e8b465ee728b)  -> (artifact id: '779d5949113fa91bb85f64f090860d93') in 0.123348 seconds
  Import took 0.129468 seconds .

========================================================================
Received Import Request.
  Time since last request: 2049.376433 seconds.
  path: Assets/Prefabs/Ruby.prefab
  artifactKey: Guid(5f1180165aea2f34685b4b3707717f1d) Importer(815301076,1909f56bfc062723c751e8b465ee728b)
Start importing Assets/Prefabs/Ruby.prefab using Guid(5f1180165aea2f34685b4b3707717f1d) Importer(815301076,1909f56bfc062723c751e8b465ee728b)  -> (artifact id: '75f62ad3d49537dffbc1aa892047a2dc') in 0.374239 seconds
  Import took 0.379614 seconds .

========================================================================
Received Import Request.
  Time since last request: 4.293640 seconds.
  path: Assets/Prefabs/CogBullet.prefab
  artifactKey: Guid(8a87292e37b4ba7479b83db390ee4ad6) Importer(815301076,1909f56bfc062723c751e8b465ee728b)
Start importing Assets/Prefabs/CogBullet.prefab using Guid(8a87292e37b4ba7479b83db390ee4ad6) Importer(815301076,1909f56bfc062723c751e8b465ee728b)  -> (artifact id: '5c960d1c23b346af1f930065897ed971') in 0.153107 seconds
  Import took 0.157294 seconds .

========================================================================
Received Prepare
Registering precompiled user dll's ...
Registered in 0.000920 seconds.
Begin MonoManager ReloadAssembly
Native extension for WindowsStandalone target not found
Refreshing native plugins compatible for Editor in 0.30 ms, found 1 plugins.
Preloading 0 native plugins for Editor in 0.00 ms.
Invoked RoslynAnalysisRunner static constructor.
RoslynAnalysisRunner will not be running.
RoslynAnalysisRunner has terminated.
Mono: successfully reloaded assembly
- Completed reload, in  0.658 seconds
Platform modules already initialized, skipping
Refreshing native plugins compatible for Editor in 0.29 ms, found 1 plugins.
Preloading 0 native plugins for Editor in 0.00 ms.
Unloading 1808 Unused Serialized files (Serialized files now loaded: 0)
System memory in use before: 88.0 MB.
System memory in use after: 88.0 MB.

Unloading 13 unused Assets to reduce memory usage. Loaded Objects now: 2297.
Total: 1.861000 ms (FindLiveObjects: 0.235000 ms CreateObjectMapping: 0.053700 ms MarkObjects: 1.461900 ms  DeleteObjects: 0.109000 ms)

========================================================================
Received Import Request.
  Time since last request: 3090.029639 seconds.
  path: Assets/Scripts/EnemyController.cs
  artifactKey: Guid(810f2982aa2417043a9fb90159e478e9) Importer(815301076,1909f56bfc062723c751e8b465ee728b)
Start importing Assets/Scripts/EnemyController.cs using Guid(810f2982aa2417043a9fb90159e478e9) Importer(815301076,1909f56bfc062723c751e8b465ee728b)  -> (artifact id: 'd9a3813bfc25b3a53f2ecda130d4b8ad') in 0.010413 seconds
  Import took 0.015321 seconds .

========================================================================
Received Prepare
Registering precompiled user dll's ...
Registered in 0.000861 seconds.
Begin MonoManager ReloadAssembly
Native extension for WindowsStandalone target not found
Refreshing native plugins compatible for Editor in 0.29 ms, found 1 plugins.
Preloading 0 native plugins for Editor in 0.00 ms.
Invoked RoslynAnalysisRunner static constructor.
RoslynAnalysisRunner will not be running.
RoslynAnalysisRunner has terminated.
Mono: successfully reloaded assembly
- Completed reload, in  0.593 seconds
Platform modules already initialized, skipping
Refreshing native plugins compatible for Editor in 0.30 ms, found 1 plugins.
Preloading 0 native plugins for Editor in 0.00 ms.
Unloading 1808 Unused Serialized files (Serialized files now loaded: 0)
System memory in use before: 88.0 MB.
System memory in use after: 88.0 MB.

Unloading 12 unused Assets to reduce memory usage. Loaded Objects now: 2301.
Total: 1.866300 ms (FindLiveObjects: 0.164800 ms CreateObjectMapping: 0.041200 ms MarkObjects: 1.530200 ms  DeleteObjects: 0.129000 ms)

========================================================================
Received Import Request.
  Time since last request: 336.353282 seconds.
  path: Assets/Scripts/EnemyController.cs
  artifactKey: Guid(810f2982aa2417043a9fb90159e478e9) Importer(815301076,1909f56bfc062723c751e8b465ee728b)
Start importing Assets/Scripts/EnemyController.cs using Guid(810f2982aa2417043a9fb90159e478e9) Importer(815301076,1909f56bfc062723c751e8b465ee728b)  -> (artifact id: '875e100822206a655ceb6a9b7ba2825e') in 0.005855 seconds
  Import took 0.010022 seconds .

========================================================================
Received Import Request.
  Time since last request: 328.923038 seconds.
  path: Assets/Scripts/Projectile.cs
  artifactKey: Guid(639a4debfbef7344eb2eb6cffbf99e2e) Importer(815301076,1909f56bfc062723c751e8b465ee728b)
Start importing Assets/Scripts/Projectile.cs using Guid(639a4debfbef7344eb2eb6cffbf99e2e) Importer(815301076,1909f56bfc062723c751e8b465ee728b)  -> (artifact id: 'd9704c0e628b4af30c4f56d258de284f') in 0.007389 seconds
  Import took 0.012067 seconds .

========================================================================
Received Import Request.
  Time since last request: 0.016652 seconds.
  path: Assets/Scripts/Projectile.cs
  artifactKey: Guid(639a4debfbef7344eb2eb6cffbf99e2e) Importer(815301076,1909f56bfc062723c751e8b465ee728b)
Start importing Assets/Scripts/Projectile.cs using Guid(639a4debfbef7344eb2eb6cffbf99e2e) Importer(815301076,1909f56bfc062723c751e8b465ee728b)  -> (artifact id: 'd9704c0e628b4af30c4f56d258de284f') in 0.003458 seconds
  Import took 0.008956 seconds .

========================================================================
Received Prepare
Registering precompiled user dll's ...
Registered in 0.000917 seconds.
Begin MonoManager ReloadAssembly
Native extension for WindowsStandalone target not found
Refreshing native plugins compatible for Editor in 0.30 ms, found 1 plugins.
Preloading 0 native plugins for Editor in 0.00 ms.
Invoked RoslynAnalysisRunner static constructor.
RoslynAnalysisRunner will not be running.
RoslynAnalysisRunner has terminated.
Mono: successfully reloaded assembly
- Completed reload, in  0.654 seconds
Platform modules already initialized, skipping
Refreshing native plugins compatible for Editor in 0.30 ms, found 1 plugins.
Preloading 0 native plugins for Editor in 0.00 ms.
Unloading 1808 Unused Serialized files (Serialized files now loaded: 0)
System memory in use before: 88.0 MB.
System memory in use after: 88.0 MB.

Unloading 12 unused Assets to reduce memory usage. Loaded Objects now: 2305.
Total: 1.833600 ms (FindLiveObjects: 0.175100 ms CreateObjectMapping: 0.054100 ms MarkObjects: 1.478500 ms  DeleteObjects: 0.124700 ms)

========================================================================
Received Import Request.
  Time since last request: 2151.589459 seconds.
  path: Assets/Scripts/Projectile.cs
  artifactKey: Guid(639a4debfbef7344eb2eb6cffbf99e2e) Importer(815301076,1909f56bfc062723c751e8b465ee728b)
Start importing Assets/Scripts/Projectile.cs using Guid(639a4debfbef7344eb2eb6cffbf99e2e) Importer(815301076,1909f56bfc062723c751e8b465ee728b)  -> (artifact id: '58dc69c5e4636b9edcbc0c24fda2f2ca') in 0.004067 seconds
  Import took 0.007982 seconds .

========================================================================
Received Prepare
Registering precompiled user dll's ...
Registered in 0.000795 seconds.
Begin MonoManager ReloadAssembly
Native extension for WindowsStandalone target not found
Refreshing native plugins compatible for Editor in 0.29 ms, found 1 plugins.
Preloading 0 native plugins for Editor in 0.00 ms.
Invoked RoslynAnalysisRunner static constructor.
RoslynAnalysisRunner will not be running.
RoslynAnalysisRunner has terminated.
Mono: successfully reloaded assembly
- Completed reload, in  0.599 seconds
Platform modules already initialized, skipping
Refreshing native plugins compatible for Editor in 0.30 ms, found 1 plugins.
Preloading 0 native plugins for Editor in 0.00 ms.
Unloading 1808 Unused Serialized files (Serialized files now loaded: 0)
System memory in use before: 88.1 MB.
System memory in use after: 88.0 MB.

Unloading 12 unused Assets to reduce memory usage. Loaded Objects now: 2309.
Total: 1.948800 ms (FindLiveObjects: 0.325500 ms CreateObjectMapping: 0.057900 ms MarkObjects: 1.464100 ms  DeleteObjects: 0.100100 ms)

========================================================================
Received Import Request.
  Time since last request: 44.125321 seconds.
  path: Assets/Scripts/Projectile.cs
  artifactKey: Guid(639a4debfbef7344eb2eb6cffbf99e2e) Importer(815301076,1909f56bfc062723c751e8b465ee728b)
Start importing Assets/Scripts/Projectile.cs using Guid(639a4debfbef7344eb2eb6cffbf99e2e) Importer(815301076,1909f56bfc062723c751e8b465ee728b)  -> (artifact id: '9acb822f6c2be3282fc737b7668bd9a6') in 0.005446 seconds
  Import took 0.009353 seconds .

========================================================================
Received Import Request.
  Time since last request: 537.226660 seconds.
  path: Assets/Prefabs/RobotFixed.anim
  artifactKey: Guid(6feb80071508f854ba1a5c1acbfd20a9) Importer(815301076,1909f56bfc062723c751e8b465ee728b)
Start importing Assets/Prefabs/RobotFixed.anim using Guid(6feb80071508f854ba1a5c1acbfd20a9) Importer(815301076,1909f56bfc062723c751e8b465ee728b)  -> (artifact id: '8712260bc44d320a1aadc47fad502a8f') in 0.014320 seconds
  Import took 0.018973 seconds .

========================================================================
Received Import Request.
  Time since last request: 0.031836 seconds.
  path: Assets/Prefabs/RobotFixed.anim
  artifactKey: Guid(6feb80071508f854ba1a5c1acbfd20a9) Importer(815301076,1909f56bfc062723c751e8b465ee728b)
Start importing Assets/Prefabs/RobotFixed.anim using Guid(6feb80071508f854ba1a5c1acbfd20a9) Importer(815301076,1909f56bfc062723c751e8b465ee728b)  -> (artifact id: '8712260bc44d320a1aadc47fad502a8f') in 0.003399 seconds
  Import took 0.007696 seconds .

========================================================================
Received Prepare
Registering precompiled user dll's ...
Registered in 0.001228 seconds.
Begin MonoManager ReloadAssembly
Native extension for WindowsStandalone target not found
Refreshing native plugins compatible for Editor in 0.29 ms, found 1 plugins.
Preloading 0 native plugins for Editor in 0.00 ms.
Invoked RoslynAnalysisRunner static constructor.
RoslynAnalysisRunner will not be running.
RoslynAnalysisRunner has terminated.
Mono: successfully reloaded assembly
- Completed reload, in  0.602 seconds
Platform modules already initialized, skipping
Refreshing native plugins compatible for Editor in 0.30 ms, found 1 plugins.
Preloading 0 native plugins for Editor in 0.00 ms.
Unloading 1808 Unused Serialized files (Serialized files now loaded: 0)
System memory in use before: 88.1 MB.
System memory in use after: 88.1 MB.

Unloading 12 unused Assets to reduce memory usage. Loaded Objects now: 2313.
Total: 1.836800 ms (FindLiveObjects: 0.200800 ms CreateObjectMapping: 0.057600 ms MarkObjects: 1.437300 ms  DeleteObjects: 0.139400 ms)

========================================================================
Received Import Request.
  Time since last request: 499.127731 seconds.
  path: Assets/Scripts/EnemyController.cs
  artifactKey: Guid(810f2982aa2417043a9fb90159e478e9) Importer(815301076,1909f56bfc062723c751e8b465ee728b)
Start importing Assets/Scripts/EnemyController.cs using Guid(810f2982aa2417043a9fb90159e478e9) Importer(815301076,1909f56bfc062723c751e8b465ee728b)  -> (artifact id: '57f206984df641776471c5c6f46c4246') in 0.004215 seconds
  Import took 0.008371 seconds .

========================================================================
Received Prepare
Registering precompiled user dll's ...
Registered in 0.000859 seconds.
Begin MonoManager ReloadAssembly
Native extension for WindowsStandalone target not found
Refreshing native plugins compatible for Editor in 0.33 ms, found 1 plugins.
Preloading 0 native plugins for Editor in 0.00 ms.
Invoked RoslynAnalysisRunner static constructor.
RoslynAnalysisRunner will not be running.
RoslynAnalysisRunner has terminated.
Mono: successfully reloaded assembly
- Completed reload, in  0.621 seconds
Platform modules already initialized, skipping
Refreshing native plugins compatible for Editor in 0.29 ms, found 1 plugins.
Preloading 0 native plugins for Editor in 0.00 ms.
Unloading 1808 Unused Serialized files (Serialized files now loaded: 0)
System memory in use before: 88.1 MB.
System memory in use after: 88.1 MB.

Unloading 12 unused Assets to reduce memory usage. Loaded Objects now: 2317.
Total: 1.715800 ms (FindLiveObjects: 0.167300 ms CreateObjectMapping: 0.043900 ms MarkObjects: 1.383300 ms  DeleteObjects: 0.119900 ms)

AssetImportWorkerClient::OnTransportError - code=2 error=End of file
