Using pre-set license
Built from '2020.3/staging' branch; Version is '2020.3.0f1 (c7b5465681fb) revision 13088070'; Using compiler version '192528614'; Build Type 'Release'
OS: 'Windows 10 Home; OS build 19042.1288; Version 2009; 64bit' Language: 'en' Physical Memory: 7867 MB
BatchMode: 1, IsHumanControllingUs: 0, StartBugReporterOnCrash: 0, Is64bit: 1, IsPro: 0

 COMMAND LINE ARGUMENTS:
C:\Program Files\Unity\Hub\Editor\2020.3.0f1\Editor\Unity.exe
-adb2
-batchMode
-noUpm
-name
AssetImportWorker0
-projectPath
C:/Users/james/OneDrive/Documents/2D-BeginnerProject/2D Beginner Project
-logFile
Logs/AssetImportWorker0.log
-srvPort
50035
Successfully changed project path to: C:/Users/james/OneDrive/Documents/2D-BeginnerProject/2D Beginner Project
C:/Users/james/OneDrive/Documents/2D-BeginnerProject/2D Beginner Project
Using Asset Import Pipeline V2.
Refreshing native plugins compatible for Editor in 28.34 ms, found 1 plugins.
Preloading 0 native plugins for Editor in 0.00 ms.
Initialize engine version: 2020.3.0f1 (c7b5465681fb)
[Subsystems] Discovering subsystems at path C:/Program Files/Unity/Hub/Editor/2020.3.0f1/Editor/Data/Resources/UnitySubsystems
[Subsystems] Discovering subsystems at path C:/Users/james/OneDrive/Documents/2D-BeginnerProject/2D Beginner Project/Assets
GfxDevice: creating device client; threaded=0
Direct3D:
    Version:  Direct3D 11.0 [level 11.1]
    Renderer: NVIDIA GeForce GTX 1650 SUPER (ID=0x2187)
    Vendor:   
    VRAM:     3955 MB
    Driver:   27.21.14.6137
Initialize mono
Mono path[0] = 'C:/Program Files/Unity/Hub/Editor/2020.3.0f1/Editor/Data/Managed'
Mono path[1] = 'C:/Program Files/Unity/Hub/Editor/2020.3.0f1/Editor/Data/MonoBleedingEdge/lib/mono/unityjit'
Mono config path = 'C:/Program Files/Unity/Hub/Editor/2020.3.0f1/Editor/Data/MonoBleedingEdge/etc'
Using monoOptions --debugger-agent=transport=dt_socket,embedding=1,server=y,suspend=n,address=127.0.0.1:56248
Begin MonoManager ReloadAssembly
Registering precompiled unity dll's ...
Register platform support module: C:/Program Files/Unity/Hub/Editor/2020.3.0f1/Editor/Data/PlaybackEngines/WindowsStandaloneSupport/UnityEditor.WindowsStandalone.Extensions.dll
Registered in 0.028261 seconds.
Native extension for WindowsStandalone target not found
Refreshing native plugins compatible for Editor in 26.51 ms, found 1 plugins.
Preloading 0 native plugins for Editor in 0.00 ms.
Invoked RoslynAnalysisRunner static constructor.
RoslynAnalysisRunner will not be running.
RoslynAnalysisRunner has terminated.
Mono: successfully reloaded assembly
- Completed reload, in  0.781 seconds
Platform modules already initialized, skipping
Registering precompiled user dll's ...
Registered in 0.025368 seconds.
Begin MonoManager ReloadAssembly
Native extension for WindowsStandalone target not found
Refreshing native plugins compatible for Editor in 27.67 ms, found 1 plugins.
Preloading 0 native plugins for Editor in 0.00 ms.
Invoked RoslynAnalysisRunner static constructor.
RoslynAnalysisRunner will not be running.
RoslynAnalysisRunner has terminated.
Mono: successfully reloaded assembly
- Completed reload, in  1.898 seconds
Platform modules already initialized, skipping
========================================================================
Worker process is ready to serve import requests
Launched and connected shader compiler UnityShaderCompiler.exe after 0.08 seconds
Refreshing native plugins compatible for Editor in 0.33 ms, found 1 plugins.
Preloading 0 native plugins for Editor in 0.00 ms.
Unloading 1812 Unused Serialized files (Serialized files now loaded: 0)
System memory in use before: 84.8 MB.
System memory in use after: 84.7 MB.

Unloading 24 unused Assets to reduce memory usage. Loaded Objects now: 2255.
Total: 1.954800 ms (FindLiveObjects: 0.192400 ms CreateObjectMapping: 0.075500 ms MarkObjects: 1.562100 ms  DeleteObjects: 0.123000 ms)

========================================================================
Received Import Request.
  path: Assets/Prefabs/Bot.prefab
  artifactKey: Guid(76e93e237b695814689426c0a87c7dcf) Importer(815301076,1909f56bfc062723c751e8b465ee728b)
Start importing Assets/Prefabs/Bot.prefab using Guid(76e93e237b695814689426c0a87c7dcf) Importer(815301076,1909f56bfc062723c751e8b465ee728b)  -> (artifact id: '2c9ff753a7b242b08aca189d5082488c') in 0.195858 seconds
  Import took 0.212389 seconds .

========================================================================
Received Import Request.
  Time since last request: 5318.716650 seconds.
  path: Assets/Art/Animations/Robot.controller
  artifactKey: Guid(c22ffd537c8669c4cb1b6eeacf12a309) Importer(815301076,1909f56bfc062723c751e8b465ee728b)
Start importing Assets/Art/Animations/Robot.controller using Guid(c22ffd537c8669c4cb1b6eeacf12a309) Importer(815301076,1909f56bfc062723c751e8b465ee728b)  -> (artifact id: 'eedfa5af4996e33f50f851a4d7d0719e') in 0.121258 seconds
  Import took 0.162558 seconds .

========================================================================
Received Import Request.
  Time since last request: 3309.241255 seconds.
  path: Assets/Prefabs/RobotLeft.anim
  artifactKey: Guid(8d906cc4ac3c8fb429078b6fdd933343) Importer(815301076,1909f56bfc062723c751e8b465ee728b)
Start importing Assets/Prefabs/RobotLeft.anim using Guid(8d906cc4ac3c8fb429078b6fdd933343) Importer(815301076,1909f56bfc062723c751e8b465ee728b)  -> (artifact id: 'bb2bca17e50130c4bc28a013a3b9e662') in 0.015071 seconds
  Import took 0.033441 seconds .

========================================================================
Received Import Request.
  Time since last request: 0.034217 seconds.
  path: Assets/Prefabs/RobotLeft.anim
  artifactKey: Guid(8d906cc4ac3c8fb429078b6fdd933343) Importer(815301076,1909f56bfc062723c751e8b465ee728b)
Start importing Assets/Prefabs/RobotLeft.anim using Guid(8d906cc4ac3c8fb429078b6fdd933343) Importer(815301076,1909f56bfc062723c751e8b465ee728b)  -> (artifact id: 'bb2bca17e50130c4bc28a013a3b9e662') in 0.002475 seconds
  Import took 0.006976 seconds .

========================================================================
Received Prepare
Registering precompiled user dll's ...
Registered in 0.047223 seconds.
Begin MonoManager ReloadAssembly
Native extension for WindowsStandalone target not found
Refreshing native plugins compatible for Editor in 0.36 ms, found 1 plugins.
Preloading 0 native plugins for Editor in 0.00 ms.
Invoked RoslynAnalysisRunner static constructor.
RoslynAnalysisRunner will not be running.
RoslynAnalysisRunner has terminated.
Mono: successfully reloaded assembly
- Completed reload, in  0.617 seconds
Platform modules already initialized, skipping
Refreshing native plugins compatible for Editor in 0.33 ms, found 1 plugins.
Preloading 0 native plugins for Editor in 0.00 ms.
Unloading 1807 Unused Serialized files (Serialized files now loaded: 0)
System memory in use before: 87.9 MB.
System memory in use after: 87.9 MB.

Unloading 12 unused Assets to reduce memory usage. Loaded Objects now: 2266.
Total: 1.813100 ms (FindLiveObjects: 0.160700 ms CreateObjectMapping: 0.055300 ms MarkObjects: 1.441500 ms  DeleteObjects: 0.154600 ms)

========================================================================
Received Import Request.
  Time since last request: 863.458781 seconds.
  path: Assets/Scripts/EnemyController.cs
  artifactKey: Guid(810f2982aa2417043a9fb90159e478e9) Importer(815301076,1909f56bfc062723c751e8b465ee728b)
Start importing Assets/Scripts/EnemyController.cs using Guid(810f2982aa2417043a9fb90159e478e9) Importer(815301076,1909f56bfc062723c751e8b465ee728b)  -> (artifact id: '56e5c9581159bc65ea7edbe596fadbec') in 0.087481 seconds
  Import took 0.091709 seconds .

========================================================================
Received Prepare
Registering precompiled user dll's ...
Registered in 0.000819 seconds.
Begin MonoManager ReloadAssembly
Native extension for WindowsStandalone target not found
Refreshing native plugins compatible for Editor in 0.49 ms, found 1 plugins.
Preloading 0 native plugins for Editor in 0.00 ms.
Invoked RoslynAnalysisRunner static constructor.
RoslynAnalysisRunner will not be running.
RoslynAnalysisRunner has terminated.
Mono: successfully reloaded assembly
- Completed reload, in  0.637 seconds
Platform modules already initialized, skipping
Refreshing native plugins compatible for Editor in 0.31 ms, found 1 plugins.
Preloading 0 native plugins for Editor in 0.00 ms.
Unloading 1807 Unused Serialized files (Serialized files now loaded: 0)
System memory in use before: 87.9 MB.
System memory in use after: 87.9 MB.

Unloading 12 unused Assets to reduce memory usage. Loaded Objects now: 2270.
Total: 1.869000 ms (FindLiveObjects: 0.160100 ms CreateObjectMapping: 0.046800 ms MarkObjects: 1.544000 ms  DeleteObjects: 0.117200 ms)

========================================================================
Received Prepare
Registering precompiled user dll's ...
Registered in 0.000805 seconds.
Begin MonoManager ReloadAssembly
Native extension for WindowsStandalone target not found
Refreshing native plugins compatible for Editor in 0.31 ms, found 1 plugins.
Preloading 0 native plugins for Editor in 0.00 ms.
Invoked RoslynAnalysisRunner static constructor.
RoslynAnalysisRunner will not be running.
RoslynAnalysisRunner has terminated.
Mono: successfully reloaded assembly
- Completed reload, in  0.632 seconds
Platform modules already initialized, skipping
Refreshing native plugins compatible for Editor in 0.35 ms, found 1 plugins.
Preloading 0 native plugins for Editor in 0.00 ms.
Unloading 1807 Unused Serialized files (Serialized files now loaded: 0)
System memory in use before: 87.9 MB.
System memory in use after: 87.9 MB.

Unloading 12 unused Assets to reduce memory usage. Loaded Objects now: 2274.
Total: 1.581000 ms (FindLiveObjects: 0.144500 ms CreateObjectMapping: 0.044400 ms MarkObjects: 1.279300 ms  DeleteObjects: 0.111900 ms)

========================================================================
Received Prepare
Registering precompiled user dll's ...
Registered in 0.000784 seconds.
Begin MonoManager ReloadAssembly
Native extension for WindowsStandalone target not found
Refreshing native plugins compatible for Editor in 0.29 ms, found 1 plugins.
Preloading 0 native plugins for Editor in 0.00 ms.
Invoked RoslynAnalysisRunner static constructor.
RoslynAnalysisRunner will not be running.
RoslynAnalysisRunner has terminated.
Mono: successfully reloaded assembly
- Completed reload, in  0.625 seconds
Platform modules already initialized, skipping
Refreshing native plugins compatible for Editor in 0.36 ms, found 1 plugins.
Preloading 0 native plugins for Editor in 0.00 ms.
Unloading 1807 Unused Serialized files (Serialized files now loaded: 0)
System memory in use before: 88.0 MB.
System memory in use after: 87.9 MB.

Unloading 12 unused Assets to reduce memory usage. Loaded Objects now: 2278.
Total: 2.214300 ms (FindLiveObjects: 0.434100 ms CreateObjectMapping: 0.133300 ms MarkObjects: 1.520600 ms  DeleteObjects: 0.124800 ms)

========================================================================
Received Import Request.
  Time since last request: 282.699045 seconds.
  path: Assets/Prefabs/Ruby.prefab
  artifactKey: Guid(5f1180165aea2f34685b4b3707717f1d) Importer(815301076,1909f56bfc062723c751e8b465ee728b)
Start importing Assets/Prefabs/Ruby.prefab using Guid(5f1180165aea2f34685b4b3707717f1d) Importer(815301076,1909f56bfc062723c751e8b465ee728b)  -> (artifact id: 'a24ae5a89aef94f352cb266d02aec3ff') in 0.125315 seconds
  Import took 0.130332 seconds .

========================================================================
Received Import Request.
  Time since last request: 3.184161 seconds.
  path: Assets/Prefabs/Ruby.prefab
  artifactKey: Guid(5f1180165aea2f34685b4b3707717f1d) Importer(815301076,1909f56bfc062723c751e8b465ee728b)
Start importing Assets/Prefabs/Ruby.prefab using Guid(5f1180165aea2f34685b4b3707717f1d) Importer(815301076,1909f56bfc062723c751e8b465ee728b)  -> (artifact id: 'b187d0a087c76fc304f7bc4bef268a0e') in 0.012993 seconds
  Import took 0.017341 seconds .

========================================================================
Received Prepare
Registering precompiled user dll's ...
Registered in 0.000717 seconds.
Begin MonoManager ReloadAssembly
Native extension for WindowsStandalone target not found
Refreshing native plugins compatible for Editor in 0.29 ms, found 1 plugins.
Preloading 0 native plugins for Editor in 0.00 ms.
Invoked RoslynAnalysisRunner static constructor.
RoslynAnalysisRunner will not be running.
RoslynAnalysisRunner has terminated.
Mono: successfully reloaded assembly
- Completed reload, in  0.659 seconds
Platform modules already initialized, skipping
Refreshing native plugins compatible for Editor in 0.28 ms, found 1 plugins.
Preloading 0 native plugins for Editor in 0.00 ms.
Unloading 1807 Unused Serialized files (Serialized files now loaded: 0)
System memory in use before: 88.0 MB.
System memory in use after: 88.0 MB.

Unloading 12 unused Assets to reduce memory usage. Loaded Objects now: 2283.
Total: 2.116300 ms (FindLiveObjects: 0.304600 ms CreateObjectMapping: 0.070400 ms MarkObjects: 1.626900 ms  DeleteObjects: 0.113200 ms)

========================================================================
Received Import Request.
  Time since last request: 533.953680 seconds.
  path: Assets/Scripts/RubyController.cs
  artifactKey: Guid(32f6cbcefe583224eaceba2edd7637f9) Importer(815301076,1909f56bfc062723c751e8b465ee728b)
Start importing Assets/Scripts/RubyController.cs using Guid(32f6cbcefe583224eaceba2edd7637f9) Importer(815301076,1909f56bfc062723c751e8b465ee728b)  -> (artifact id: '32c010bf0d3accb645632453a8800978') in 0.024089 seconds
  Import took 0.028169 seconds .

========================================================================
Received Import Request.
  Time since last request: 0.014496 seconds.
  path: Assets/Scripts/RubyController.cs
  artifactKey: Guid(32f6cbcefe583224eaceba2edd7637f9) Importer(815301076,1909f56bfc062723c751e8b465ee728b)
Start importing Assets/Scripts/RubyController.cs using Guid(32f6cbcefe583224eaceba2edd7637f9) Importer(815301076,1909f56bfc062723c751e8b465ee728b)  -> (artifact id: '32c010bf0d3accb645632453a8800978') in 0.001726 seconds
  Import took 0.007584 seconds .

========================================================================
Received Prepare
Registering precompiled user dll's ...
Registered in 0.000914 seconds.
Begin MonoManager ReloadAssembly
Native extension for WindowsStandalone target not found
Refreshing native plugins compatible for Editor in 0.28 ms, found 1 plugins.
Preloading 0 native plugins for Editor in 0.00 ms.
Invoked RoslynAnalysisRunner static constructor.
RoslynAnalysisRunner will not be running.
RoslynAnalysisRunner has terminated.
Mono: successfully reloaded assembly
- Completed reload, in  0.588 seconds
Platform modules already initialized, skipping
Refreshing native plugins compatible for Editor in 0.30 ms, found 1 plugins.
Preloading 0 native plugins for Editor in 0.00 ms.
Unloading 1807 Unused Serialized files (Serialized files now loaded: 0)
System memory in use before: 88.0 MB.
System memory in use after: 88.0 MB.

Unloading 12 unused Assets to reduce memory usage. Loaded Objects now: 2287.
Total: 2.826200 ms (FindLiveObjects: 0.339600 ms CreateObjectMapping: 0.078400 ms MarkObjects: 2.256900 ms  DeleteObjects: 0.149500 ms)

AssetImportWorkerClient::OnTransportError - code=2 error=End of file
